android/app/build/intermediates/manifest_merge_blame_file/debug/manifest-merger-blame-debug-report.txt
1<?xml version="1.0" encoding="utf-8"?>
2<manifest xmlns:android="http://schemas.android.com/apk/res/android"
3    package="com.weatherapp"
4    android:versionCode="1"
5    android:versionName="1.0" >
6
7    <uses-sdk
8        android:minSdkVersion="21"
9        android:targetSdkVersion="29" />
10
11    <uses-permission android:name="android.permission.SYSTEM_ALERT_WINDOW" />
11-->src/debug/AndroidManifest.xml:5:5-77
11-->src/debug/AndroidManifest.xml:5:22-75
12    <uses-permission android:name="android.permission.INTERNET" />
12-->src/main/AndroidManifest.xml:3:3-65
12-->src/main/AndroidManifest.xml:3:20-62
13
14    <meta-data
14-->src/main/AndroidManifest.xml:5:3-144
15        android:name="com.google.firebase.messaging.default_notification_icon"
15-->src/main/AndroidManifest.xml:5:14-84
16        android:resource="@drawable/outline_thermostat_black_18" />
16-->src/main/AndroidManifest.xml:5:85-141
17    <meta-data
17-->src/main/AndroidManifest.xml:6:3-126
18        android:name="com.google.firebase.messaging.default_notification_color"
18-->src/main/AndroidManifest.xml:6:14-85
19        android:resource="@color/colorAccent" /> <!-- Define ACCESS_FINE_LOCATION if you will use enableHighAccuracy=true -->
19-->src/main/AndroidManifest.xml:6:86-123
20    <uses-permission android:name="android.permission.ACCESS_FINE_LOCATION" />
20-->src/main/AndroidManifest.xml:8:3-76
20-->src/main/AndroidManifest.xml:8:20-74
21    <uses-permission android:name="android.permission.ACCESS_WIFI_STATE" />
21-->[com.facebook.flipper:flipper:0.75.1] AndroidManifest.xml:16:5-76
21-->[com.facebook.flipper:flipper:0.75.1] AndroidManifest.xml:16:22-73
22    <uses-permission android:name="android.permission.ACCESS_COARSE_LOCATION" /> <!-- Include required permissions for Google Maps API to run. -->
22-->[:react-native-maps] AndroidManifest.xml:10:5-81
22-->[:react-native-maps] AndroidManifest.xml:10:22-78
23    <uses-permission android:name="android.permission.ACCESS_NETWORK_STATE" />
23-->[com.google.android.gms:play-services-maps:17.0.0] AndroidManifest.xml:23:5-79
23-->[com.google.android.gms:play-services-maps:17.0.0] AndroidManifest.xml:23:22-76
24
25    <uses-feature
25-->[com.google.android.gms:play-services-maps:17.0.0] AndroidManifest.xml:26:5-28:35
26        android:glEsVersion="0x00020000"
26-->[com.google.android.gms:play-services-maps:17.0.0] AndroidManifest.xml:27:9-41
27        android:required="true" />
27-->[com.google.android.gms:play-services-maps:17.0.0] AndroidManifest.xml:28:9-32
28
29    <uses-permission android:name="android.permission.WAKE_LOCK" />
29-->[com.google.firebase:firebase-measurement-connector-impl:16.0.0] AndroidManifest.xml:24:5-68
29-->[com.google.firebase:firebase-measurement-connector-impl:16.0.0] AndroidManifest.xml:24:22-65
30    <uses-permission android:name="com.google.android.finsky.permission.BIND_GET_INSTALL_REFERRER_SERVICE" /> <!-- Required by older versions of Google Play services to create IID tokens -->
30-->[com.google.firebase:firebase-analytics:16.0.0] AndroidManifest.xml:26:5-110
30-->[com.google.firebase:firebase-analytics:16.0.0] AndroidManifest.xml:26:22-107
31    <uses-permission android:name="com.google.android.c2dm.permission.RECEIVE" />
31-->[com.google.firebase:firebase-iid:20.2.0] AndroidManifest.xml:26:5-82
31-->[com.google.firebase:firebase-iid:20.2.0] AndroidManifest.xml:26:22-79
32
33    <application
33-->src/main/AndroidManifest.xml:10:3-21:17
34        android:name="com.weatherapp.MainApplication"
34-->src/main/AndroidManifest.xml:10:16-47
35        android:allowBackup="false"
35-->src/main/AndroidManifest.xml:10:162-189
36        android:appComponentFactory="androidx.core.app.CoreComponentFactory"
36-->[androidx.core:core:1.2.0] AndroidManifest.xml:24:18-86
37        android:debuggable="true"
38        android:icon="@mipmap/ic_launcher"
38-->src/main/AndroidManifest.xml:10:81-115
39        android:label="@string/app_name"
39-->src/main/AndroidManifest.xml:10:48-80
40        android:roundIcon="@mipmap/ic_launcher_round"
40-->src/main/AndroidManifest.xml:10:116-161
41        android:theme="@style/AppTheme"
41-->src/main/AndroidManifest.xml:10:190-221
42        android:usesCleartextTraffic="true" >
42-->src/debug/AndroidManifest.xml:7:18-53
43        <activity android:name="com.facebook.react.devsupport.DevSettingsActivity" />
43-->src/debug/AndroidManifest.xml:8:9-86
43-->src/debug/AndroidManifest.xml:8:19-83
44
45        <meta-data
45-->src/main/AndroidManifest.xml:11:5-13:64
46            android:name="com.google.android.geo.API_KEY"
46-->src/main/AndroidManifest.xml:12:7-52
47            android:value="AIzaSyDRa0OpHqxe_RghK0FSGyl-7uFbqnXBMIg" />
47-->src/main/AndroidManifest.xml:13:7-62
48
49        <uses-library
49-->src/main/AndroidManifest.xml:14:5-83
50            android:name="org.apache.http.legacy"
50-->src/main/AndroidManifest.xml:14:19-56
51            android:required="false" />
51-->src/main/AndroidManifest.xml:14:57-81
52
53        <activity
53-->src/main/AndroidManifest.xml:15:5-20:16
54            android:name="com.weatherapp.MainActivity"
54-->src/main/AndroidManifest.xml:15:15-43
55            android:configChanges="keyboard|keyboardHidden|orientation|screenSize|uiMode"
55-->src/main/AndroidManifest.xml:15:77-154
56            android:label="@string/app_name"
56-->src/main/AndroidManifest.xml:15:44-76
57            android:launchMode="singleTask"
57-->src/main/AndroidManifest.xml:15:155-186
58            android:windowSoftInputMode="adjustResize" >
58-->src/main/AndroidManifest.xml:15:187-229
59            <intent-filter>
59-->src/main/AndroidManifest.xml:16:7-19:23
60                <action android:name="android.intent.action.MAIN" />
60-->src/main/AndroidManifest.xml:17:9-61
60-->src/main/AndroidManifest.xml:17:17-58
61
62                <category android:name="android.intent.category.LAUNCHER" />
62-->src/main/AndroidManifest.xml:18:9-69
62-->src/main/AndroidManifest.xml:18:19-66
63            </intent-filter>
64        </activity> <!-- A proxy-service that gives the library an opportunity to do some work before launching/resuming the actual application task. -->
65        <service android:name="com.wix.reactnativenotifications.core.ProxyService" />
65-->[:react-native-notifications] AndroidManifest.xml:14:9-86
65-->[:react-native-notifications] AndroidManifest.xml:14:18-83
66        <service android:name="com.wix.reactnativenotifications.fcm.FcmInstanceIdListenerService" >
66-->[:react-native-notifications] AndroidManifest.xml:15:9-20:19
66-->[:react-native-notifications] AndroidManifest.xml:15:18-98
67            <intent-filter>
67-->[:react-native-notifications] AndroidManifest.xml:16:13-19:29
68                <action android:name="com.google.firebase.MESSAGING_EVENT" />
68-->[:react-native-notifications] AndroidManifest.xml:17:17-78
68-->[:react-native-notifications] AndroidManifest.xml:17:25-75
69                <action android:name="com.google.firebase.INSTANCE_ID_EVENT" />
69-->[:react-native-notifications] AndroidManifest.xml:18:17-80
69-->[:react-native-notifications] AndroidManifest.xml:18:25-77
70            </intent-filter>
71        </service>
72        <service
72-->[:react-native-notifications] AndroidManifest.xml:21:9-24:72
73            android:name="com.wix.reactnativenotifications.fcm.FcmInstanceIdRefreshHandlerService"
73-->[:react-native-notifications] AndroidManifest.xml:22:13-99
74            android:exported="false"
74-->[:react-native-notifications] AndroidManifest.xml:23:13-37
75            android:permission="android.permission.BIND_JOB_SERVICE" />
75-->[:react-native-notifications] AndroidManifest.xml:24:13-69
76        <!--
77             FirebaseMessagingService performs security checks at runtime,
78             but set to not exported to explicitly avoid allowing another app to call it.
79        -->
80        <service
80-->[com.google.firebase:firebase-messaging:20.2.0] AndroidManifest.xml:28:9-35:19
81            android:name="com.google.firebase.messaging.FirebaseMessagingService"
81-->[com.google.firebase:firebase-messaging:20.2.0] AndroidManifest.xml:29:13-82
82            android:directBootAware="true"
82-->[com.google.firebase:firebase-messaging:20.2.0] AndroidManifest.xml:30:13-43
83            android:exported="false" >
83-->[com.google.firebase:firebase-messaging:20.2.0] AndroidManifest.xml:31:13-37
84            <intent-filter android:priority="-500" >
84-->[com.google.firebase:firebase-messaging:20.2.0] AndroidManifest.xml:32:13-34:29
84-->[com.google.firebase:firebase-messaging:20.2.0] AndroidManifest.xml:32:28-51
85                <action android:name="com.google.firebase.MESSAGING_EVENT" />
85-->[:react-native-notifications] AndroidManifest.xml:17:17-78
85-->[:react-native-notifications] AndroidManifest.xml:17:25-75
86            </intent-filter>
87        </service>
88        <service
88-->[com.google.firebase:firebase-messaging:20.2.0] AndroidManifest.xml:36:9-42:19
89            android:name="com.google.firebase.components.ComponentDiscoveryService"
89-->[com.google.firebase:firebase-messaging:20.2.0] AndroidManifest.xml:37:13-84
90            android:directBootAware="true"
90-->[com.google.firebase:firebase-common:19.3.0] AndroidManifest.xml:34:13-43
91            android:exported="false" >
91-->[com.google.firebase:firebase-messaging:20.2.0] AndroidManifest.xml:38:13-37
92            <meta-data
92-->[com.google.firebase:firebase-messaging:20.2.0] AndroidManifest.xml:39:13-41:85
93                android:name="com.google.firebase.components:com.google.firebase.messaging.FirebaseMessagingRegistrar"
93-->[com.google.firebase:firebase-messaging:20.2.0] AndroidManifest.xml:40:17-119
94                android:value="com.google.firebase.components.ComponentRegistrar" />
94-->[com.google.firebase:firebase-messaging:20.2.0] AndroidManifest.xml:41:17-82
95            <meta-data
95-->[com.google.firebase:firebase-measurement-connector-impl:16.0.0] AndroidManifest.xml:28:13-30:85
96                android:name="com.google.firebase.components:com.google.firebase.analytics.connector.internal.AnalyticsConnectorRegistrar"
96-->[com.google.firebase:firebase-measurement-connector-impl:16.0.0] AndroidManifest.xml:29:17-139
97                android:value="com.google.firebase.components.ComponentRegistrar" />
97-->[com.google.firebase:firebase-measurement-connector-impl:16.0.0] AndroidManifest.xml:30:17-82
98            <meta-data
98-->[com.google.firebase:firebase-iid:20.2.0] AndroidManifest.xml:32:13-34:85
99                android:name="com.google.firebase.components:com.google.firebase.iid.Registrar"
99-->[com.google.firebase:firebase-iid:20.2.0] AndroidManifest.xml:33:17-96
100                android:value="com.google.firebase.components.ComponentRegistrar" />
100-->[com.google.firebase:firebase-iid:20.2.0] AndroidManifest.xml:34:17-82
101            <meta-data
101-->[com.google.firebase:firebase-datatransport:17.0.3] AndroidManifest.xml:28:13-30:85
102                android:name="com.google.firebase.components:com.google.firebase.datatransport.TransportRegistrar"
102-->[com.google.firebase:firebase-datatransport:17.0.3] AndroidManifest.xml:29:17-115
103                android:value="com.google.firebase.components.ComponentRegistrar" />
103-->[com.google.firebase:firebase-datatransport:17.0.3] AndroidManifest.xml:30:17-82
104            <meta-data
104-->[com.google.firebase:firebase-installations:16.3.1] AndroidManifest.xml:17:13-19:85
105                android:name="com.google.firebase.components:com.google.firebase.installations.FirebaseInstallationsRegistrar"
105-->[com.google.firebase:firebase-installations:16.3.1] AndroidManifest.xml:18:17-127
106                android:value="com.google.firebase.components.ComponentRegistrar" />
106-->[com.google.firebase:firebase-installations:16.3.1] AndroidManifest.xml:19:17-82
107        </service>
108
109        <receiver
109-->[com.google.firebase:firebase-analytics:16.0.0] AndroidManifest.xml:29:9-33:20
110            android:name="com.google.android.gms.measurement.AppMeasurementReceiver"
110-->[com.google.firebase:firebase-analytics:16.0.0] AndroidManifest.xml:30:13-85
111            android:enabled="true"
111-->[com.google.firebase:firebase-analytics:16.0.0] AndroidManifest.xml:31:13-35
112            android:exported="false" >
112-->[com.google.firebase:firebase-analytics:16.0.0] AndroidManifest.xml:32:13-37
113        </receiver>
114        <receiver
114-->[com.google.firebase:firebase-analytics:16.0.0] AndroidManifest.xml:34:9-42:20
115            android:name="com.google.android.gms.measurement.AppMeasurementInstallReferrerReceiver"
115-->[com.google.firebase:firebase-analytics:16.0.0] AndroidManifest.xml:35:13-100
116            android:enabled="true"
116-->[com.google.firebase:firebase-analytics:16.0.0] AndroidManifest.xml:36:13-35
117            android:exported="true"
117-->[com.google.firebase:firebase-analytics:16.0.0] AndroidManifest.xml:37:13-36
118            android:permission="android.permission.INSTALL_PACKAGES" >
118-->[com.google.firebase:firebase-analytics:16.0.0] AndroidManifest.xml:38:13-69
119            <intent-filter>
119-->[com.google.firebase:firebase-analytics:16.0.0] AndroidManifest.xml:39:13-41:29
120                <action android:name="com.android.vending.INSTALL_REFERRER" />
120-->[com.google.firebase:firebase-analytics:16.0.0] AndroidManifest.xml:40:17-79
120-->[com.google.firebase:firebase-analytics:16.0.0] AndroidManifest.xml:40:25-76
121            </intent-filter>
122        </receiver>
123
124        <service
124-->[com.google.firebase:firebase-analytics:16.0.0] AndroidManifest.xml:44:9-47:40
125            android:name="com.google.android.gms.measurement.AppMeasurementService"
125-->[com.google.firebase:firebase-analytics:16.0.0] AndroidManifest.xml:45:13-84
126            android:enabled="true"
126-->[com.google.firebase:firebase-analytics:16.0.0] AndroidManifest.xml:46:13-35
127            android:exported="false" />
127-->[com.google.firebase:firebase-analytics:16.0.0] AndroidManifest.xml:47:13-37
128        <service
128-->[com.google.firebase:firebase-analytics:16.0.0] AndroidManifest.xml:48:9-52:72
129            android:name="com.google.android.gms.measurement.AppMeasurementJobService"
129-->[com.google.firebase:firebase-analytics:16.0.0] AndroidManifest.xml:49:13-87
130            android:enabled="true"
130-->[com.google.firebase:firebase-analytics:16.0.0] AndroidManifest.xml:50:13-35
131            android:exported="false"
131-->[com.google.firebase:firebase-analytics:16.0.0] AndroidManifest.xml:51:13-37
132            android:permission="android.permission.BIND_JOB_SERVICE" />
132-->[com.google.firebase:firebase-analytics:16.0.0] AndroidManifest.xml:52:13-69
133
134        <receiver
134-->[com.google.firebase:firebase-iid:20.2.0] AndroidManifest.xml:37:9-44:20
135            android:name="com.google.firebase.iid.FirebaseInstanceIdReceiver"
135-->[com.google.firebase:firebase-iid:20.2.0] AndroidManifest.xml:38:13-78
136            android:exported="true"
136-->[com.google.firebase:firebase-iid:20.2.0] AndroidManifest.xml:39:13-36
137            android:permission="com.google.android.c2dm.permission.SEND" >
137-->[com.google.firebase:firebase-iid:20.2.0] AndroidManifest.xml:40:13-73
138            <intent-filter>
138-->[com.google.firebase:firebase-iid:20.2.0] AndroidManifest.xml:41:13-43:29
139                <action android:name="com.google.android.c2dm.intent.RECEIVE" />
139-->[com.google.firebase:firebase-iid:20.2.0] AndroidManifest.xml:42:17-81
139-->[com.google.firebase:firebase-iid:20.2.0] AndroidManifest.xml:42:25-78
140            </intent-filter>
141        </receiver>
142
143        <activity
143-->[com.google.android.gms:play-services-base:17.2.1] AndroidManifest.xml:23:9-26:75
144            android:name="com.google.android.gms.common.api.GoogleApiActivity"
144-->[com.google.android.gms:play-services-base:17.2.1] AndroidManifest.xml:24:13-79
145            android:exported="false"
145-->[com.google.android.gms:play-services-base:17.2.1] AndroidManifest.xml:25:13-37
146            android:theme="@android:style/Theme.Translucent.NoTitleBar" />
146-->[com.google.android.gms:play-services-base:17.2.1] AndroidManifest.xml:26:13-72
147
148        <service
148-->[com.google.android.datatransport:transport-backend-cct:2.2.0] AndroidManifest.xml:29:9-35:19
149            android:name="com.google.android.datatransport.runtime.backends.TransportBackendDiscovery"
149-->[com.google.android.datatransport:transport-backend-cct:2.2.0] AndroidManifest.xml:30:13-103
150            android:exported="false" >
150-->[com.google.android.datatransport:transport-backend-cct:2.2.0] AndroidManifest.xml:31:13-37
151            <meta-data
151-->[com.google.android.datatransport:transport-backend-cct:2.2.0] AndroidManifest.xml:32:13-34:39
152                android:name="backend:com.google.android.datatransport.cct.CctBackendFactory"
152-->[com.google.android.datatransport:transport-backend-cct:2.2.0] AndroidManifest.xml:33:17-94
153                android:value="cct" />
153-->[com.google.android.datatransport:transport-backend-cct:2.2.0] AndroidManifest.xml:34:17-36
154        </service>
155        <service
155-->[com.google.android.datatransport:transport-runtime:2.2.0] AndroidManifest.xml:26:9-30:19
156            android:name="com.google.android.datatransport.runtime.scheduling.jobscheduling.JobInfoSchedulerService"
156-->[com.google.android.datatransport:transport-runtime:2.2.0] AndroidManifest.xml:27:13-117
157            android:exported="false"
157-->[com.google.android.datatransport:transport-runtime:2.2.0] AndroidManifest.xml:28:13-37
158            android:permission="android.permission.BIND_JOB_SERVICE" >
158-->[com.google.android.datatransport:transport-runtime:2.2.0] AndroidManifest.xml:29:13-69
159        </service>
160
161        <receiver
161-->[com.google.android.datatransport:transport-runtime:2.2.0] AndroidManifest.xml:32:9-34:40
162            android:name="com.google.android.datatransport.runtime.scheduling.jobscheduling.AlarmManagerSchedulerBroadcastReceiver"
162-->[com.google.android.datatransport:transport-runtime:2.2.0] AndroidManifest.xml:33:13-132
163            android:exported="false" />
163-->[com.google.android.datatransport:transport-runtime:2.2.0] AndroidManifest.xml:34:13-37
164
165        <provider
165-->[com.google.firebase:firebase-common:19.3.0] AndroidManifest.xml:26:9-30:39
166            android:name="com.google.firebase.provider.FirebaseInitProvider"
166-->[com.google.firebase:firebase-common:19.3.0] AndroidManifest.xml:27:13-77
167            android:authorities="com.weatherapp.firebaseinitprovider"
167-->[com.google.firebase:firebase-common:19.3.0] AndroidManifest.xml:28:13-72
168            android:exported="false"
168-->[com.google.firebase:firebase-common:19.3.0] AndroidManifest.xml:29:13-37
169            android:initOrder="100" />
169-->[com.google.firebase:firebase-common:19.3.0] AndroidManifest.xml:30:13-36
170
171        <meta-data
171-->[com.google.android.gms:play-services-basement:17.2.1] AndroidManifest.xml:23:9-25:69
172            android:name="com.google.android.gms.version"
172-->[com.google.android.gms:play-services-basement:17.2.1] AndroidManifest.xml:24:13-58
173            android:value="@integer/google_play_services_version" />
173-->[com.google.android.gms:play-services-basement:17.2.1] AndroidManifest.xml:25:13-66
174    </application>
175
176</manifest>